<?xml version="1.0" encoding="UTF-8"?>
<!-- Generated by org.testng.reporters.JUnitReportReporter -->
<testsuite hostname="kowshik" failures="0" tests="1" name="Irctc.automation.HomePage.HomePageTest" time="14.779" errors="0" timestamp="2024-12-15T13:23:04 IST" skipped="0">
  <testcase classname="Irctc.automation.HomePage.HomePageTest" name="registerButtonHomePage" time="14.779"/>
</testsuite> <!-- Irctc.automation.HomePage.HomePageTest -->
