<?xml version="1.0" encoding="UTF-8"?>
<!-- Generated by org.testng.reporters.JUnitReportReporter -->
<testsuite hostname="kowshik" failures="0" tests="1" name="Irctc.automation.HomePage.HomePageTest" time="12.084" errors="0" timestamp="2024-12-14T16:32:25 IST" skipped="0">
  <testcase classname="Irctc.automation.HomePage.HomePageTest" name="loginButtonHomePage" time="12.084"/>
</testsuite> <!-- Irctc.automation.HomePage.HomePageTest -->
